<?xml version="1.0" encoding="UTF-8"?>
<coverage generated="1678468581414" clover="3.2.0">
  <project timestamp="1678468581414" name="All files">
    <metrics statements="72" coveredstatements="48" conditionals="49" coveredconditionals="28" methods="21" coveredmethods="10" elements="142" coveredelements="86" complexity="0" loc="72" ncloc="72" packages="2" files="3" classes="3"/>
    <package name="grocery-backend">
      <metrics statements="27" coveredstatements="23" conditionals="15" coveredconditionals="11" methods="3" coveredmethods="1"/>
      <file name="index.js" path="/mnt/LinuxData/Projects/grocery-list/grocery-backend/index.js">
        <metrics statements="15" coveredstatements="13" conditionals="11" coveredconditionals="9" methods="3" coveredmethods="1"/>
        <line num="2" count="1" type="cond" truecount="2" falsecount="1"/>
        <line num="3" count="3" type="cond" truecount="4" falsecount="0"/>
        <line num="6" count="1" type="stmt"/>
        <line num="7" count="1" type="stmt"/>
        <line num="8" count="1" type="stmt"/>
        <line num="9" count="1" type="stmt"/>
        <line num="11" count="1" type="stmt"/>
        <line num="13" count="1" type="stmt"/>
        <line num="15" count="1" type="stmt"/>
        <line num="17" count="1" type="cond" truecount="3" falsecount="1"/>
        <line num="18" count="1" type="stmt"/>
        <line num="19" count="0" type="stmt"/>
        <line num="21" count="1" type="stmt"/>
        <line num="22" count="0" type="stmt"/>
        <line num="24" count="1" type="stmt"/>
      </file>
      <file name="supabase-client.js" path="/mnt/LinuxData/Projects/grocery-list/grocery-backend/supabase-client.js">
        <metrics statements="12" coveredstatements="10" conditionals="4" coveredconditionals="2" methods="0" coveredmethods="0"/>
        <line num="2" count="1" type="stmt"/>
        <line num="3" count="1" type="stmt"/>
        <line num="4" count="1" type="stmt"/>
        <line num="5" count="1" type="stmt"/>
        <line num="6" count="1" type="stmt"/>
        <line num="7" count="1" type="stmt"/>
        <line num="8" count="1" type="cond" truecount="1" falsecount="1"/>
        <line num="9" count="0" type="stmt"/>
        <line num="11" count="1" type="cond" truecount="1" falsecount="1"/>
        <line num="12" count="0" type="stmt"/>
        <line num="14" count="1" type="stmt"/>
        <line num="15" count="1" type="stmt"/>
      </file>
    </package>
    <package name="grocery-backend.routes.api">
      <metrics statements="45" coveredstatements="25" conditionals="34" coveredconditionals="17" methods="18" coveredmethods="9"/>
      <file name="items.js" path="/mnt/LinuxData/Projects/grocery-list/grocery-backend/routes/api/items.js">
        <metrics statements="45" coveredstatements="25" conditionals="34" coveredconditionals="17" methods="18" coveredmethods="9"/>
        <line num="2" count="1" type="cond" truecount="2" falsecount="1"/>
        <line num="3" count="2" type="cond" truecount="1" falsecount="1"/>
        <line num="4" count="2" type="cond" truecount="2" falsecount="0"/>
        <line num="5" count="2" type="stmt"/>
        <line num="6" count="0" type="stmt"/>
        <line num="7" count="4" type="cond" truecount="2" falsecount="0"/>
        <line num="8" count="2" type="cond" truecount="2" falsecount="0"/>
        <line num="11" count="1" type="cond" truecount="2" falsecount="1"/>
        <line num="12" count="3" type="cond" truecount="4" falsecount="0"/>
        <line num="14" count="1" type="stmt"/>
        <line num="15" count="1" type="stmt"/>
        <line num="16" count="1" type="stmt"/>
        <line num="17" count="1" type="stmt"/>
        <line num="18" count="1" type="stmt"/>
        <line num="19" count="1" type="stmt"/>
        <line num="20" count="1" type="stmt"/>
        <line num="24" count="2" type="stmt"/>
        <line num="25" count="2" type="stmt"/>
        <line num="26" count="2" type="cond" truecount="1" falsecount="1"/>
        <line num="27" count="0" type="stmt"/>
        <line num="29" count="2" type="cond" truecount="1" falsecount="1"/>
        <line num="30" count="2" type="stmt"/>
        <line num="36" count="1" type="stmt"/>
        <line num="37" count="0" type="stmt"/>
        <line num="41" count="0" type="cond" truecount="0" falsecount="2"/>
        <line num="42" count="0" type="stmt"/>
        <line num="44" count="0" type="cond" truecount="0" falsecount="2"/>
        <line num="45" count="0" type="stmt"/>
        <line num="51" count="1" type="stmt"/>
        <line num="52" count="0" type="stmt"/>
        <line num="57" count="0" type="cond" truecount="0" falsecount="2"/>
        <line num="58" count="0" type="stmt"/>
        <line num="60" count="0" type="cond" truecount="0" falsecount="2"/>
        <line num="61" count="0" type="stmt"/>
        <line num="67" count="1" type="stmt"/>
        <line num="68" count="0" type="stmt"/>
        <line num="73" count="0" type="cond" truecount="0" falsecount="2"/>
        <line num="74" count="0" type="stmt"/>
        <line num="77" count="0" type="stmt"/>
        <line num="83" count="1" type="stmt"/>
        <line num="84" count="0" type="stmt"/>
        <line num="89" count="0" type="cond" truecount="0" falsecount="2"/>
        <line num="90" count="0" type="stmt"/>
        <line num="93" count="0" type="stmt"/>
        <line num="96" count="1" type="stmt"/>
      </file>
    </package>
  </project>
</coverage>
