TN:
SF:index.js
FN:2,(anonymous_0)
FN:18,(anonymous_1)
FN:21,(anonymous_2)
FNF:3
FNH:1
FNDA:3,(anonymous_0)
FNDA:0,(anonymous_1)
FNDA:0,(anonymous_2)
DA:2,1
DA:3,3
DA:6,1
DA:7,1
DA:8,1
DA:9,1
DA:11,1
DA:13,1
DA:15,1
DA:17,1
DA:18,1
DA:19,0
DA:21,1
DA:22,0
DA:24,1
LF:15
LH:13
BRDA:2,0,0,1
BRDA:2,0,1,0
BRDA:2,0,2,1
BRDA:3,1,0,1
BRDA:3,1,1,2
BRDA:3,2,0,3
BRDA:3,2,1,3
BRDA:17,3,0,1
BRDA:17,3,1,0
BRDA:17,4,0,1
BRDA:17,4,1,1
BRF:11
BRH:9
end_of_record
TN:
SF:supabase-client.js
FNF:0
FNH:0
DA:2,1
DA:3,1
DA:4,1
DA:5,1
DA:6,1
DA:7,1
DA:8,1
DA:9,0
DA:11,1
DA:12,0
DA:14,1
DA:15,1
LF:12
LH:10
BRDA:8,0,0,0
BRDA:8,0,1,1
BRDA:11,1,0,0
BRDA:11,1,1,1
BRF:4
BRH:2
end_of_record
TN:
SF:routes/api/items.js
FN:2,(anonymous_0)
FN:3,adopt
FN:3,(anonymous_2)
FN:4,(anonymous_3)
FN:5,fulfilled
FN:6,rejected
FN:7,step
FN:11,(anonymous_7)
FN:24,(anonymous_8)
FN:24,(anonymous_9)
FN:36,(anonymous_10)
FN:36,(anonymous_11)
FN:51,(anonymous_12)
FN:51,(anonymous_13)
FN:67,(anonymous_14)
FN:67,(anonymous_15)
FN:83,(anonymous_16)
FN:83,(anonymous_17)
FNF:18
FNH:9
FNDA:2,(anonymous_0)
FNDA:2,adopt
FNDA:2,(anonymous_2)
FNDA:2,(anonymous_3)
FNDA:2,fulfilled
FNDA:0,rejected
FNDA:4,step
FNDA:3,(anonymous_7)
FNDA:2,(anonymous_8)
FNDA:2,(anonymous_9)
FNDA:0,(anonymous_10)
FNDA:0,(anonymous_11)
FNDA:0,(anonymous_12)
FNDA:0,(anonymous_13)
FNDA:0,(anonymous_14)
FNDA:0,(anonymous_15)
FNDA:0,(anonymous_16)
FNDA:0,(anonymous_17)
DA:2,1
DA:3,2
DA:4,2
DA:5,2
DA:6,0
DA:7,4
DA:8,2
DA:11,1
DA:12,3
DA:14,1
DA:15,1
DA:16,1
DA:17,1
DA:18,1
DA:19,1
DA:20,1
DA:24,2
DA:25,2
DA:26,2
DA:27,0
DA:29,2
DA:30,2
DA:36,1
DA:37,0
DA:41,0
DA:42,0
DA:44,0
DA:45,0
DA:51,1
DA:52,0
DA:57,0
DA:58,0
DA:60,0
DA:61,0
DA:67,1
DA:68,0
DA:73,0
DA:74,0
DA:77,0
DA:83,1
DA:84,0
DA:89,0
DA:90,0
DA:93,0
DA:96,1
LF:45
LH:25
BRDA:2,0,0,1
BRDA:2,0,1,0
BRDA:2,0,2,1
BRDA:3,1,0,0
BRDA:3,1,1,2
BRDA:4,2,0,2
BRDA:4,2,1,2
BRDA:7,3,0,2
BRDA:7,3,1,2
BRDA:8,4,0,2
BRDA:8,4,1,2
BRDA:11,5,0,1
BRDA:11,5,1,0
BRDA:11,5,2,1
BRDA:12,6,0,1
BRDA:12,6,1,2
BRDA:12,7,0,3
BRDA:12,7,1,3
BRDA:26,8,0,0
BRDA:26,8,1,2
BRDA:29,9,0,2
BRDA:29,9,1,0
BRDA:41,10,0,0
BRDA:41,10,1,0
BRDA:44,11,0,0
BRDA:44,11,1,0
BRDA:57,12,0,0
BRDA:57,12,1,0
BRDA:60,13,0,0
BRDA:60,13,1,0
BRDA:73,14,0,0
BRDA:73,14,1,0
BRDA:89,15,0,0
BRDA:89,15,1,0
BRF:34
BRH:17
end_of_record
